TN:
SF:src\myClass.js
FN:2,(anonymous_0)
FN:6,(anonymous_1)
FN:10,(anonymous_2)
FN:16,(anonymous_3)
FN:22,(anonymous_4)
FN:26,(anonymous_5)
FN:27,(anonymous_6)
FN:28,(anonymous_7)
FN:29,(anonymous_8)
FNF:9
FNH:9
FNDA:1,(anonymous_0)
FNDA:1,(anonymous_1)
FNDA:3,(anonymous_2)
FNDA:2,(anonymous_3)
FNDA:1,(anonymous_4)
FNDA:1,(anonymous_5)
FNDA:1,(anonymous_6)
FNDA:1,(anonymous_7)
FNDA:1,(anonymous_8)
DA:3,1
DA:7,1
DA:12,3
DA:13,3
DA:17,2
DA:18,2
DA:19,2
DA:23,1
DA:27,1
DA:28,1
DA:30,1
DA:36,1
LF:12
LH:12
BRF:0
BRH:0
end_of_record
